SF:/Users/dvorson/Projects/dvorson.github.io/admin/routes/api/draft.ts
FN:14,POST
FNDA:2,POST
FNF:1
FNH:1
BRDA:21,1,0,1
BRDA:21,1,1,1
BRDA:24,1,2,1
BRDA:51,1,3,0
BRDA:61,1,4,0
BRDA:68,1,5,1
BRDA:81,1,6,0
BRDA:94,1,7,0
BRF:8
BRH:4
DA:14,1
DA:15,3
DA:17,3
DA:18,3
DA:19,3
DA:21,21
DA:24,3
DA:25,4
DA:26,4
DA:27,12
DA:28,4
DA:29,4
DA:30,12
DA:31,4
DA:33,4
DA:35,4
DA:37,4
DA:38,4
DA:39,4
DA:40,4
DA:42,4
DA:45,12
DA:46,12
DA:47,12
DA:48,12
DA:51,0
DA:52,3
DA:53,3
DA:56,3
DA:57,3
DA:58,3
DA:59,3
DA:60,3
DA:61,0
DA:62,3
DA:63,3
DA:64,3
DA:65,3
DA:68,3
DA:69,4
DA:71,4
DA:72,4
DA:73,4
DA:74,4
DA:75,4
DA:76,4
DA:77,4
DA:78,12
DA:79,4
DA:81,0
DA:82,0
DA:83,0
DA:84,0
DA:85,0
DA:86,0
DA:87,0
DA:88,0
DA:89,0
DA:90,0
DA:91,0
DA:93,0
DA:94,0
DA:95,0
DA:96,0
DA:97,0
DA:98,0
DA:99,0
DA:100,0
DA:101,0
DA:102,0
DA:104,0
DA:105,3
DA:108,1
DA:109,1
DA:110,1
LH:51
LF:75
end_of_record
SF:/Users/dvorson/Projects/dvorson.github.io/admin/routes/api/publish.ts
FN:29,POST
FNDA:2,POST
FNF:1
FNH:1
BRDA:35,1,0,1
BRDA:35,1,1,1
BRDA:35,1,2,1
BRDA:44,1,3,0
BRDA:55,1,4,1
BRDA:67,1,5,3
BRDA:76,1,6,0
BRDA:81,1,7,0
BRDA:86,1,8,1
BRDA:89,1,9,0
BRF:10
BRH:6
DA:29,1
DA:30,3
DA:31,3
DA:32,3
DA:35,3
DA:36,4
DA:37,12
DA:38,12
DA:40,4
DA:42,4
DA:43,12
DA:44,0
DA:45,3
DA:46,3
DA:47,3
DA:48,3
DA:49,3
DA:50,3
DA:51,3
DA:52,3
DA:53,3
DA:54,3
DA:55,3
DA:58,4
DA:60,4
DA:61,4
DA:62,20
DA:63,24
DA:64,12
DA:65,4
DA:67,4
DA:68,7
DA:69,21
DA:70,7
DA:71,7
DA:72,7
DA:74,7
DA:75,7
DA:76,0
DA:77,0
DA:78,0
DA:79,7
DA:80,4
DA:81,0
DA:84,0
DA:85,0
DA:86,0
DA:88,20
DA:89,0
DA:90,0
DA:91,0
DA:92,0
DA:93,0
DA:95,0
DA:96,3
DA:99,1
DA:100,1
DA:101,1
LH:44
LF:58
end_of_record
SF:/Users/dvorson/Projects/dvorson.github.io/admin/tests/mocks/admin_page.mock.tsx
FN:4,MockAdminPage
FN:6,saveDraft
FN:26,publish
FNDA:3,MockAdminPage
FNDA:1,saveDraft
FNDA:1,publish
FNF:3
FNH:3
BRDA:12,2,0,0
BRDA:13,2,1,0
BRDA:14,2,2,0
BRDA:15,2,3,0
BRDA:32,3,0,0
BRDA:33,3,1,0
BRDA:34,3,2,0
BRDA:35,3,3,0
BRF:8
BRH:0
DA:4,1
DA:6,4
DA:7,5
DA:10,5
DA:11,5
DA:12,0
DA:13,0
DA:14,0
DA:15,0
DA:16,5
DA:19,5
DA:20,5
DA:21,15
DA:22,35
DA:23,5
DA:24,4
DA:26,4
DA:27,5
DA:30,5
DA:31,5
DA:32,0
DA:33,0
DA:34,0
DA:35,0
DA:36,5
DA:39,5
DA:40,5
DA:41,15
DA:42,35
DA:43,5
DA:44,4
DA:47,4
DA:48,8
DA:49,12
DA:50,16
DA:51,16
DA:52,16
DA:53,16
DA:54,12
DA:55,8
DA:56,16
DA:57,16
DA:61,4
DA:63,1
LH:36
LF:44
end_of_record
SF:/Users/dvorson/Projects/dvorson.github.io/admin/tests/mocks/editor.mock.tsx
FN:4,MockEditor
FN:6,simulateChange
FNDA:4,MockEditor
FNDA:1,simulateChange
FNF:2
FNH:2
BRF:0
BRH:0
DA:4,1
DA:6,5
DA:7,6
DA:8,6
DA:9,6
DA:10,5
DA:16,5
DA:17,5
DA:18,5
DA:19,5
DA:20,5
DA:21,5
DA:24,5
DA:26,1
LH:14
LF:14
end_of_record
SF:/Users/dvorson/Projects/dvorson.github.io/admin/tests/test_utils.ts
FN:22,globalThis.fetch
FN:28,json
FN:29,text
FN:36,resetFetchCalls
FN:41,getFetchCalls
FN:46,render
FN:52,MockTipTapEditor
FN:63,<instance_members_initializer>
FN:66,getHTML
FN:70,destroy
FN:74,mockPreactHooks
FN:169,setupEditorTestEnv
FN:255,spy
FN:258,fn
FN:269,cleanupMocks
FNDA:2,globalThis.fetch
FNDA:0,json
FNDA:0,text
FNDA:6,resetFetchCalls
FNDA:2,getFetchCalls
FNDA:7,render
FNDA:0,MockTipTapEditor
FNDA:0,<instance_members_initializer>
FNDA:0,getHTML
FNDA:0,destroy
FNDA:0,mockPreactHooks
FNDA:0,setupEditorTestEnv
FNDA:15,spy
FNDA:8,fn
FNDA:4,cleanupMocks
FNF:15
FNH:7
BRDA:24,1,0,0
BRDA:25,1,1,0
BRF:2
BRH:0
DA:1,3
DA:2,3
DA:6,3
DA:7,3
DA:10,3
DA:11,3
DA:12,3
DA:13,3
DA:14,3
DA:15,3
DA:16,3
DA:19,3
DA:22,3
DA:24,0
DA:25,15
DA:27,5
DA:28,0
DA:29,0
DA:30,5
DA:31,5
DA:32,5
DA:33,3
DA:36,3
DA:37,9
DA:38,9
DA:41,3
DA:42,15
DA:43,5
DA:46,3
DA:47,10
DA:48,10
DA:51,3
DA:52,0
DA:53,0
DA:54,0
DA:55,0
DA:57,0
DA:58,0
DA:59,0
DA:60,0
DA:61,0
DA:63,0
DA:64,0
DA:66,0
DA:67,0
DA:68,0
DA:70,0
DA:71,3
DA:74,0
DA:76,0
DA:79,0
DA:80,0
DA:81,0
DA:82,0
DA:83,0
DA:84,0
DA:85,0
DA:86,0
DA:87,0
DA:88,0
DA:91,0
DA:92,0
DA:95,0
DA:96,0
DA:97,0
DA:98,0
DA:100,0
DA:101,0
DA:103,0
DA:104,0
DA:107,0
DA:109,0
DA:111,0
DA:114,0
DA:115,0
DA:118,0
DA:119,0
DA:120,0
DA:122,0
DA:123,0
DA:126,0
DA:127,0
DA:128,0
DA:129,0
DA:132,0
DA:133,0
DA:136,0
DA:137,0
DA:138,0
DA:140,0
DA:141,0
DA:144,0
DA:145,0
DA:146,0
DA:147,0
DA:148,0
DA:149,0
DA:150,0
DA:151,0
DA:152,0
DA:155,0
DA:156,0
DA:159,0
DA:160,0
DA:161,0
DA:162,0
DA:163,0
DA:164,0
DA:165,0
DA:166,0
DA:169,0
DA:171,0
DA:174,0
DA:177,0
DA:178,0
DA:179,0
DA:180,0
DA:181,0
DA:182,0
DA:183,0
DA:184,0
DA:185,0
DA:186,0
DA:189,0
DA:192,0
DA:193,0
DA:194,0
DA:195,0
DA:196,0
DA:197,0
DA:198,0
DA:199,0
DA:200,0
DA:201,0
DA:204,0
DA:207,0
DA:209,0
DA:210,0
DA:211,0
DA:214,0
DA:215,0
DA:216,0
DA:219,0
DA:220,0
DA:221,0
DA:222,0
DA:223,0
DA:224,0
DA:227,0
DA:228,0
DA:232,0
DA:233,0
DA:234,0
DA:235,0
DA:236,0
DA:237,0
DA:239,0
DA:240,0
DA:241,0
DA:242,0
DA:243,0
DA:244,0
DA:245,0
DA:246,0
DA:255,3
DA:256,18
DA:258,18
DA:259,78
DA:260,26
DA:261,18
DA:263,18
DA:265,18
DA:266,18
DA:269,3
DA:270,7
DA:272,7
DA:275,7
DA:276,7
LH:44
LF:178
end_of_record
